<?xml version="1.0" encoding="UTF-8"?>
<testsuite name="com.example.leaderboardcore.LeaderboardRankCalculatorTest" tests="2" skipped="0" failures="0" errors="0" timestamp="2026-04-07T11:17:03.186Z" hostname="Yogeshs-MacBook-Air.local" time="0.013">
  <properties/>
  <testcase name="same score shares rank and next rank is skipped" classname="com.example.leaderboardcore.LeaderboardRankCalculatorTest" time="0.012"/>
  <testcase name="tie ordering is stable by display name then id" classname="com.example.leaderboardcore.LeaderboardRankCalculatorTest" time="0.001"/>
  <system-out><![CDATA[]]></system-out>
  <system-err><![CDATA[]]></system-err>
</testsuite>
